2002.11.22 10:23 B F:\Website\images\aaron.gif <-- CP_MAILSERVER /usr/home/admin/htmlstuff/images aaron.gif
2002.11.22 10:23 B F:\Website\images\ann.gif <-- CP_MAILSERVER /usr/home/admin/htmlstuff/images ann.gif
2002.11.22 10:23 B F:\Website\images\austin.gif <-- CP_MAILSERVER /usr/home/admin/htmlstuff/images austin.gif
2002.11.22 10:23 B F:\Website\images\barb.gif <-- CP_MAILSERVER /usr/home/admin/htmlstuff/images barb.gif
2002.11.22 10:23 B F:\Website\images\cardlabel.gif <-- CP_MAILSERVER /usr/home/admin/htmlstuff/images cardlabel.gif
2002.11.22 10:23 B F:\Website\images\caren.gif <-- CP_MAILSERVER /usr/home/admin/htmlstuff/images caren.gif
2002.11.22 10:23 B F:\Website\images\garry.gif <-- CP_MAILSERVER /usr/home/admin/htmlstuff/images garry.gif
2002.11.22 10:23 B F:\Website\images\getacro.gif <-- CP_MAILSERVER /usr/home/admin/htmlstuff/images getacro.gif
2002.11.22 10:24 B F:\Website\images\home_main1.gif <-- CP_MAILSERVER /usr/home/admin/htmlstuff/images home_main1.gif
2002.11.22 10:24 B F:\Website\images\janice.gif <-- CP_MAILSERVER /usr/home/admin/htmlstuff/images janice.gif
2002.11.22 10:24 B F:\Website\images\jeff.gif <-- CP_MAILSERVER /usr/home/admin/htmlstuff/images jeff.gif
2002.11.22 10:24 B F:\Website\images\nina.gif <-- CP_MAILSERVER /usr/home/admin/htmlstuff/images nina.gif
2002.11.22 10:24 B F:\Website\images\rhonda.gif <-- CP_MAILSERVER /usr/home/admin/htmlstuff/images rhonda.gif
2002.11.22 10:24 B F:\Website\images\right_bar.gif <-- CP_MAILSERVER /usr/home/admin/htmlstuff/images right_bar.gif
2002.11.22 10:24 B F:\Website\images\rita_vivian.gif <-- CP_MAILSERVER /usr/home/admin/htmlstuff/images rita_vivian.gif
2002.11.22 10:24 B F:\Website\images\seasonal.gif <-- CP_MAILSERVER /usr/home/admin/htmlstuff/images seasonal.gif
2002.11.22 10:24 B F:\Website\images\titlecard1.gif <-- CP_MAILSERVER /usr/home/admin/htmlstuff/images titlecard1.gif
2002.11.22 10:24 B F:\Website\images\titlecard2.gif <-- CP_MAILSERVER /usr/home/admin/htmlstuff/images titlecard2.gif
2002.11.22 10:24 B F:\Website\images\top_name.jpg <-- CP_MAILSERVER /usr/home/admin/htmlstuff/images top_name.jpg
2002.11.22 10:24 B F:\Website\images\upslabel.gif <-- CP_MAILSERVER /usr/home/admin/htmlstuff/images upslabel.gif
2002.11.22 10:24 B F:\Website\images\warehouse.gif <-- CP_MAILSERVER /usr/home/admin/htmlstuff/images warehouse.gif
